Start testing: Aug 24 10:40 GMT Daylight Time
----------------------------------------------------------
1/13 Testing: test_ODE.ODEConstantRate
1/13 Test: test_ODE.ODEConstantRate
Command: "C:/Users/Tom/MPSProjects/MSM_DSL/cmake-build-debug/autoSpringAgent.exe" "--gtest_filter=test_ODE.ODEConstantRate" "--gtest_also_run_disabled_tests"
Directory: C:/Users/Tom/MPSProjects/MSM_DSL/cmake-build-debug
"test_ODE.ODEConstantRate" start time: Aug 24 10:40 GMT Daylight Time
Output:
----------------------------------------------------------
Running main() from C:\Users\Tom\MPSProjects\MSM_DSL\cmake-build-debug\_deps\googletest-src\googletest\src\gtest_main.cc
Note: Google Test filter = test_ODE.ODEConstantRate
[==========] Running 1 test from 1 test suite.
[----------] Global test environment set-up.
[----------] 1 test from test_ODE
[ RUN      ] test_ODE.ODEConstantRate
[       OK ] test_ODE.ODEConstantRate (0 ms)
[----------] 1 test from test_ODE (0 ms total)

[----------] Global test environment tear-down
[==========] 1 test from 1 test suite ran. (0 ms total)
[  PASSED  ] 1 test.
<end of output>
Test time =   0.01 sec
----------------------------------------------------------
Test Passed.
"test_ODE.ODEConstantRate" end time: Aug 24 10:40 GMT Daylight Time
"test_ODE.ODEConstantRate" time elapsed: 00:00:00
----------------------------------------------------------

2/13 Testing: test_ODE.multi_ODEConstantRate
2/13 Test: test_ODE.multi_ODEConstantRate
Command: "C:/Users/Tom/MPSProjects/MSM_DSL/cmake-build-debug/autoSpringAgent.exe" "--gtest_filter=test_ODE.multi_ODEConstantRate" "--gtest_also_run_disabled_tests"
Directory: C:/Users/Tom/MPSProjects/MSM_DSL/cmake-build-debug
"test_ODE.multi_ODEConstantRate" start time: Aug 24 10:40 GMT Daylight Time
Output:
----------------------------------------------------------
Running main() from C:\Users\Tom\MPSProjects\MSM_DSL\cmake-build-debug\_deps\googletest-src\googletest\src\gtest_main.cc
Note: Google Test filter = test_ODE.multi_ODEConstantRate
[==========] Running 1 test from 1 test suite.
[----------] Global test environment set-up.
[----------] 1 test from test_ODE
[ RUN      ] test_ODE.multi_ODEConstantRate
[       OK ] test_ODE.multi_ODEConstantRate (0 ms)
[----------] 1 test from test_ODE (0 ms total)

[----------] Global test environment tear-down
[==========] 1 test from 1 test suite ran. (0 ms total)
[  PASSED  ] 1 test.
<end of output>
Test time =   0.01 sec
----------------------------------------------------------
Test Passed.
"test_ODE.multi_ODEConstantRate" end time: Aug 24 10:40 GMT Daylight Time
"test_ODE.multi_ODEConstantRate" time elapsed: 00:00:00
----------------------------------------------------------

3/13 Testing: test_ODE.ODELinearRate
3/13 Test: test_ODE.ODELinearRate
Command: "C:/Users/Tom/MPSProjects/MSM_DSL/cmake-build-debug/autoSpringAgent.exe" "--gtest_filter=test_ODE.ODELinearRate" "--gtest_also_run_disabled_tests"
Directory: C:/Users/Tom/MPSProjects/MSM_DSL/cmake-build-debug
"test_ODE.ODELinearRate" start time: Aug 24 10:40 GMT Daylight Time
Output:
----------------------------------------------------------
Running main() from C:\Users\Tom\MPSProjects\MSM_DSL\cmake-build-debug\_deps\googletest-src\googletest\src\gtest_main.cc
Note: Google Test filter = test_ODE.ODELinearRate
[==========] Running 1 test from 1 test suite.
[----------] Global test environment set-up.
[----------] 1 test from test_ODE
[ RUN      ] test_ODE.ODELinearRate
[       OK ] test_ODE.ODELinearRate (0 ms)
[----------] 1 test from test_ODE (0 ms total)

[----------] Global test environment tear-down
[==========] 1 test from 1 test suite ran. (0 ms total)
[  PASSED  ] 1 test.
<end of output>
Test time =   0.01 sec
----------------------------------------------------------
Test Passed.
"test_ODE.ODELinearRate" end time: Aug 24 10:40 GMT Daylight Time
"test_ODE.ODELinearRate" time elapsed: 00:00:00
----------------------------------------------------------

4/13 Testing: BasicODEMemAgentTest.environmentCheckTest
4/13 Test: BasicODEMemAgentTest.environmentCheckTest
Command: "C:/Users/Tom/MPSProjects/MSM_DSL/cmake-build-debug/autoSpringAgent.exe" "--gtest_filter=BasicODEMemAgentTest.environmentCheckTest" "--gtest_also_run_disabled_tests"
Directory: C:/Users/Tom/MPSProjects/MSM_DSL/cmake-build-debug
"BasicODEMemAgentTest.environmentCheckTest" start time: Aug 24 10:40 GMT Daylight Time
Output:
----------------------------------------------------------
Running main() from C:\Users\Tom\MPSProjects\MSM_DSL\cmake-build-debug\_deps\googletest-src\googletest\src\gtest_main.cc
Note: Google Test filter = BasicODEMemAgentTest.environmentCheckTest
[==========] Running 1 test from 1 test suite.
[----------] Global test environment set-up.
[----------] 1 test from BasicODEMemAgentTest
[ RUN      ] BasicODEMemAgentTest.environmentCheckTest
xMax: 50
yMax: 50
zMax: 50
Grid size - X: 50
Y: 50
Z: 50
Placing environment agents...
Environment created.
Setting up ODE systems...
World created!
Creation timestep... initialising everything
memInit0
Allocating cell proteins to memagents.
VEGF total 0	0gridded membrane0
VEGF total 0	0gridded membrane0

The syntax of the command is incorrect.
Creation complete
Creation timestep complete.
C:\Users\Tom\MPSProjects\MSM_DSL\tests\automated\test_ODE.cpp:70: Failure
Expected equality of these values:
  round(memAgent1->get_environment_protein_level("B"))
    Which is: -26
  26
C:\Users\Tom\MPSProjects\MSM_DSL\tests\automated\test_ODE.cpp:71: Failure
Expected equality of these values:
  round(memAgent2->get_environment_protein_level("B"))
    Which is: -25
  25
C:\Users\Tom\MPSProjects\MSM_DSL\tests\automated\test_ODE.cpp:72: Failure
Expected equality of these values:
  round(memAgent3->get_environment_protein_level("B"))
    Which is: -25
  25
[  FAILED  ] BasicODEMemAgentTest.environmentCheckTest (502 ms)
[----------] 1 test from BasicODEMemAgentTest (502 ms total)

[----------] Global test environment tear-down
[==========] 1 test from 1 test suite ran. (502 ms total)
[  PASSED  ] 0 tests.
[  FAILED  ] 1 test, listed below:
[  FAILED  ] BasicODEMemAgentTest.environmentCheckTest

 1 FAILED TEST
<end of output>
Test time =   0.51 sec
----------------------------------------------------------
Test Failed.
"BasicODEMemAgentTest.environmentCheckTest" end time: Aug 24 10:40 GMT Daylight Time
"BasicODEMemAgentTest.environmentCheckTest" time elapsed: 00:00:00
----------------------------------------------------------

5/13 Testing: BasicODEMemAgentTest.memAgentTest
5/13 Test: BasicODEMemAgentTest.memAgentTest
Command: "C:/Users/Tom/MPSProjects/MSM_DSL/cmake-build-debug/autoSpringAgent.exe" "--gtest_filter=BasicODEMemAgentTest.memAgentTest" "--gtest_also_run_disabled_tests"
Directory: C:/Users/Tom/MPSProjects/MSM_DSL/cmake-build-debug
"BasicODEMemAgentTest.memAgentTest" start time: Aug 24 10:40 GMT Daylight Time
Output:
----------------------------------------------------------
Running main() from C:\Users\Tom\MPSProjects\MSM_DSL\cmake-build-debug\_deps\googletest-src\googletest\src\gtest_main.cc
Note: Google Test filter = BasicODEMemAgentTest.memAgentTest
[==========] Running 1 test from 1 test suite.
[----------] Global test environment set-up.
[----------] 1 test from BasicODEMemAgentTest
[ RUN      ] BasicODEMemAgentTest.memAgentTest
xMax: 50
yMax: 50
zMax: 50
Grid size - X: 50
Y: 50
Z: 50
Placing environment agents...
Environment created.
Setting up ODE systems...
World created!
Creation timestep... initialising everything
memInit0
Allocating cell proteins to memagents.
VEGF total 0	0gridded membrane0
VEGF total 0	0gridded membrane0

The syntax of the command is incorrect.
Creation complete
Creation timestep complete.
C:\Users\Tom\MPSProjects\MSM_DSL\tests\automated\test_ODE.cpp:77: Failure
Expected equality of these values:
  round(memAgent1->get_memAgent_protein_level("A"))
    Which is: -261
  270
C:\Users\Tom\MPSProjects\MSM_DSL\tests\automated\test_ODE.cpp:78: Failure
Expected equality of these values:
  round(memAgent2->get_memAgent_protein_level("A"))
    Which is: -251
  260
C:\Users\Tom\MPSProjects\MSM_DSL\tests\automated\test_ODE.cpp:79: Failure
Expected equality of these values:
  round(memAgent3->get_memAgent_protein_level("A"))
    Which is: -251
  260
[  FAILED  ] BasicODEMemAgentTest.memAgentTest (471 ms)
[----------] 1 test from BasicODEMemAgentTest (471 ms total)

[----------] Global test environment tear-down
[==========] 1 test from 1 test suite ran. (471 ms total)
[  PASSED  ] 0 tests.
[  FAILED  ] 1 test, listed below:
[  FAILED  ] BasicODEMemAgentTest.memAgentTest

 1 FAILED TEST
<end of output>
Test time =   0.49 sec
----------------------------------------------------------
Test Failed.
"BasicODEMemAgentTest.memAgentTest" end time: Aug 24 10:40 GMT Daylight Time
"BasicODEMemAgentTest.memAgentTest" time elapsed: 00:00:00
----------------------------------------------------------

6/13 Testing: CrossCellODEMemAgentTest.cellODETest
6/13 Test: CrossCellODEMemAgentTest.cellODETest
Command: "C:/Users/Tom/MPSProjects/MSM_DSL/cmake-build-debug/autoSpringAgent.exe" "--gtest_filter=CrossCellODEMemAgentTest.cellODETest" "--gtest_also_run_disabled_tests"
Directory: C:/Users/Tom/MPSProjects/MSM_DSL/cmake-build-debug
"CrossCellODEMemAgentTest.cellODETest" start time: Aug 24 10:40 GMT Daylight Time
Output:
----------------------------------------------------------
Running main() from C:\Users\Tom\MPSProjects\MSM_DSL\cmake-build-debug\_deps\googletest-src\googletest\src\gtest_main.cc
Note: Google Test filter = CrossCellODEMemAgentTest.cellODETest
[==========] Running 1 test from 1 test suite.
[----------] Global test environment set-up.
[----------] 1 test from CrossCellODEMemAgentTest
[ RUN      ] CrossCellODEMemAgentTest.cellODETest
xMax: 50
yMax: 50
zMax: 50
Grid size - X: 50
Y: 50
Z: 50
Placing environment agents...
Environment created.
Setting up ODE systems...
World created!
Creation timestep... initialising everything
memInit0
Allocating cell proteins to memagents.
VEGF total 0	0gridded membrane0
VEGF total 0	0gridded membrane0

The syntax of the command is incorrect.
Creation complete
Creation timestep complete.
mem1_A,mem2_A,mem3_A,mem1_B,mem2_B,mem3_B,mem1_C,mem2_C,mem3_C,mem1_D,mem2_D,mem3_D,time
-1,-1,-1,-1,-1,-1,-1,-1,-1,-1,-1,-1,0
-1,-2,-2,-1,-1,-1,-2,-2,-1,-1,-1,-1,1
-1,-3,-3,-1,-1,-1,-3,-3,-1,-1,-1,-1,2
-1,-4,-4,-1,-1,-1,-4,-4,-1,-1,-1,-1,3
-1,-5,-5,-1,-1,-1,-5,-5,-1,-1,-1,-1,4
-1,-6,-6,-1,-1,-1,-6,-6,-1,-1,-1,-1,5
-1,-7,-7,-1,-1,-1,-7,-7,-1,-1,-1,-1,6
-1,-8,-8,-1,-1,-1,-8,-8,-1,-1,-1,-1,7
-1,-9,-9,-1,-1,-1,-9,-9,-1,-1,-1,-1,8
-1,-10,-10,-1,-1,-1,-10,-10,-1,-1,-1,-1,9
-1,-11,-11,-1,-1,-1,-11,-11,-1,-1,-1,-1,10
C:\Users\Tom\MPSProjects\MSM_DSL\tests\automated\test_ODE.cpp:83: Failure
Expected equality of these values:
  round(memAgent1->get_memAgent_protein_level("A"))
    Which is: -1
  1
C:\Users\Tom\MPSProjects\MSM_DSL\tests\automated\test_ODE.cpp:84: Failure
Expected equality of these values:
  round(memAgent1->get_memAgent_protein_level("B"))
    Which is: -1
  1
C:\Users\Tom\MPSProjects\MSM_DSL\tests\automated\test_ODE.cpp:86: Failure
Expected equality of these values:
  round(memAgent2->get_memAgent_protein_level("A"))
    Which is: -11
  11
C:\Users\Tom\MPSProjects\MSM_DSL\tests\automated\test_ODE.cpp:87: Failure
Expected equality of these values:
  round(memAgent2->get_memAgent_protein_level("B"))
    Which is: -1
  1
C:\Users\Tom\MPSProjects\MSM_DSL\tests\automated\test_ODE.cpp:89: Failure
Expected equality of these values:
  round(memAgent3->get_memAgent_protein_level("A"))
    Which is: -11
  11
C:\Users\Tom\MPSProjects\MSM_DSL\tests\automated\test_ODE.cpp:90: Failure
Expected equality of these values:
  round(memAgent3->get_memAgent_protein_level("B"))
    Which is: -1
  1
[  FAILED  ] CrossCellODEMemAgentTest.cellODETest (143 ms)
[----------] 1 test from CrossCellODEMemAgentTest (143 ms total)

[----------] Global test environment tear-down
[==========] 1 test from 1 test suite ran. (143 ms total)
[  PASSED  ] 0 tests.
[  FAILED  ] 1 test, listed below:
[  FAILED  ] CrossCellODEMemAgentTest.cellODETest

 1 FAILED TEST
<end of output>
Test time =   0.15 sec
----------------------------------------------------------
Test Failed.
"CrossCellODEMemAgentTest.cellODETest" end time: Aug 24 10:40 GMT Daylight Time
"CrossCellODEMemAgentTest.cellODETest" time elapsed: 00:00:00
----------------------------------------------------------

7/13 Testing: CrossCellODEMemAgentTest.junctionODETest
7/13 Test: CrossCellODEMemAgentTest.junctionODETest
Command: "C:/Users/Tom/MPSProjects/MSM_DSL/cmake-build-debug/autoSpringAgent.exe" "--gtest_filter=CrossCellODEMemAgentTest.junctionODETest" "--gtest_also_run_disabled_tests"
Directory: C:/Users/Tom/MPSProjects/MSM_DSL/cmake-build-debug
"CrossCellODEMemAgentTest.junctionODETest" start time: Aug 24 10:40 GMT Daylight Time
Output:
----------------------------------------------------------
Running main() from C:\Users\Tom\MPSProjects\MSM_DSL\cmake-build-debug\_deps\googletest-src\googletest\src\gtest_main.cc
Note: Google Test filter = CrossCellODEMemAgentTest.junctionODETest
[==========] Running 1 test from 1 test suite.
[----------] Global test environment set-up.
[----------] 1 test from CrossCellODEMemAgentTest
[ RUN      ] CrossCellODEMemAgentTest.junctionODETest
xMax: 50
yMax: 50
zMax: 50
Grid size - X: 50
Y: 50
Z: 50
Placing environment agents...
Environment created.
Setting up ODE systems...
World created!
Creation timestep... initialising everything
memInit0
Allocating cell proteins to memagents.
VEGF total 0	0gridded membrane0
VEGF total 0	0gridded membrane0

The syntax of the command is incorrect.
Creation complete
Creation timestep complete.
mem1_A,mem2_A,mem3_A,mem1_B,mem2_B,mem3_B,mem1_C,mem2_C,mem3_C,mem1_D,mem2_D,mem3_D,time
-1,-1,-1,-1,-1,-1,-1,-1,-1,-1,-1,-1,0
-1,-2,-2,-1,-1,-1,-2,-2,-1,-1,-1,-1,1
-1,-3,-3,-1,-1,-1,-3,-3,-1,-1,-1,-1,2
-1,-4,-4,-1,-1,-1,-4,-4,-1,-1,-1,-1,3
-1,-5,-5,-1,-1,-1,-5,-5,-1,-1,-1,-1,4
-1,-6,-6,-1,-1,-1,-6,-6,-1,-1,-1,-1,5
-1,-7,-7,-1,-1,-1,-7,-7,-1,-1,-1,-1,6
-1,-8,-8,-1,-1,-1,-8,-8,-1,-1,-1,-1,7
-1,-9,-9,-1,-1,-1,-9,-9,-1,-1,-1,-1,8
-1,-10,-10,-1,-1,-1,-10,-10,-1,-1,-1,-1,9
-1,-11,-11,-1,-1,-1,-11,-11,-1,-1,-1,-1,10
C:\Users\Tom\MPSProjects\MSM_DSL\tests\automated\test_ODE.cpp:94: Failure
Expected equality of these values:
  round(memAgent1->get_memAgent_protein_level("C"))
    Which is: -11
  11
C:\Users\Tom\MPSProjects\MSM_DSL\tests\automated\test_ODE.cpp:95: Failure
Expected equality of these values:
  round(memAgent1->get_memAgent_protein_level("D"))
    Which is: -1
  1
C:\Users\Tom\MPSProjects\MSM_DSL\tests\automated\test_ODE.cpp:97: Failure
Expected equality of these values:
  round(memAgent2->get_memAgent_protein_level("C"))
    Which is: -11
  11
C:\Users\Tom\MPSProjects\MSM_DSL\tests\automated\test_ODE.cpp:98: Failure
Expected equality of these values:
  round(memAgent2->get_memAgent_protein_level("D"))
    Which is: -1
  1
C:\Users\Tom\MPSProjects\MSM_DSL\tests\automated\test_ODE.cpp:100: Failure
Expected equality of these values:
  round(memAgent3->get_memAgent_protein_level("C"))
    Which is: -1
  1
C:\Users\Tom\MPSProjects\MSM_DSL\tests\automated\test_ODE.cpp:101: Failure
Expected equality of these values:
  round(memAgent3->get_memAgent_protein_level("D"))
    Which is: -1
  1
[  FAILED  ] CrossCellODEMemAgentTest.junctionODETest (143 ms)
[----------] 1 test from CrossCellODEMemAgentTest (143 ms total)

[----------] Global test environment tear-down
[==========] 1 test from 1 test suite ran. (143 ms total)
[  PASSED  ] 0 tests.
[  FAILED  ] 1 test, listed below:
[  FAILED  ] CrossCellODEMemAgentTest.junctionODETest

 1 FAILED TEST
<end of output>
Test time =   0.15 sec
----------------------------------------------------------
Test Failed.
"CrossCellODEMemAgentTest.junctionODETest" end time: Aug 24 10:40 GMT Daylight Time
"CrossCellODEMemAgentTest.junctionODETest" time elapsed: 00:00:00
----------------------------------------------------------

8/13 Testing: MultiNeighbourODEMemAgentTest.cellODETest
8/13 Test: MultiNeighbourODEMemAgentTest.cellODETest
Command: "C:/Users/Tom/MPSProjects/MSM_DSL/cmake-build-debug/autoSpringAgent.exe" "--gtest_filter=MultiNeighbourODEMemAgentTest.cellODETest" "--gtest_also_run_disabled_tests"
Directory: C:/Users/Tom/MPSProjects/MSM_DSL/cmake-build-debug
"MultiNeighbourODEMemAgentTest.cellODETest" start time: Aug 24 10:40 GMT Daylight Time
Output:
----------------------------------------------------------
Running main() from C:\Users\Tom\MPSProjects\MSM_DSL\cmake-build-debug\_deps\googletest-src\googletest\src\gtest_main.cc
Note: Google Test filter = MultiNeighbourODEMemAgentTest.cellODETest
[==========] Running 1 test from 1 test suite.
[----------] Global test environment set-up.
[----------] 1 test from MultiNeighbourODEMemAgentTest
[ RUN      ] MultiNeighbourODEMemAgentTest.cellODETest
xMax: 50
yMax: 50
zMax: 50
Grid size - X: 50
Y: 50
Z: 50
Placing environment agents...
Environment created.
Setting up ODE systems...
World created!
Creation timestep... initialising everything
memInit0
Allocating cell proteins to memagents.
VEGF total 0	0gridded membrane0
VEGF total 0	0gridded membrane0

The syntax of the command is incorrect.
Creation complete
Creation timestep complete.
mem1_A,mem2_A,mem3_A,mem1_B,mem2_B,mem3_B,mem4_C,mem5_C,mem6_C,mem7_C,mem4_D,mem5_D,mem6_D,mem7_D,time
-1,-1,-1,-1,-1,-1,-1,-1,-1,-1,-1,-1,-1,-1,0
-1,-2,-1,-0.5,-1,-0.5,-1,-1,-1,-2.5,-0.5,-0.5,-0.5,-1,1
C:\Users\Tom\MPSProjects\MSM_DSL\tests\automated\test_ODE.cpp:108: Failure
Expected equality of these values:
  round(memAgent2->get_memAgent_protein_level("A"))
    Which is: -2
  20
C:\Users\Tom\MPSProjects\MSM_DSL\tests\automated\test_ODE.cpp:109: Failure
Expected equality of these values:
  round(memAgent7->get_memAgent_protein_level("C"))
    Which is: -3
  25
C:\Users\Tom\MPSProjects\MSM_DSL\tests\automated\test_ODE.cpp:111: Failure
Expected equality of these values:
  round(memAgent1->get_memAgent_protein_level("B"))
    Which is: -1
  5
C:\Users\Tom\MPSProjects\MSM_DSL\tests\automated\test_ODE.cpp:112: Failure
Expected equality of these values:
  round(memAgent3->get_memAgent_protein_level("B"))
    Which is: -1
  5
C:\Users\Tom\MPSProjects\MSM_DSL\tests\automated\test_ODE.cpp:113: Failure
Expected equality of these values:
  round(memAgent4->get_memAgent_protein_level("D"))
    Which is: -1
  5
C:\Users\Tom\MPSProjects\MSM_DSL\tests\automated\test_ODE.cpp:114: Failure
Expected equality of these values:
  round(memAgent5->get_memAgent_protein_level("D"))
    Which is: -1
  5
C:\Users\Tom\MPSProjects\MSM_DSL\tests\automated\test_ODE.cpp:115: Failure
Expected equality of these values:
  round(memAgent6->get_memAgent_protein_level("D"))
    Which is: -1
  5
[  FAILED  ] MultiNeighbourODEMemAgentTest.cellODETest (143 ms)
[----------] 1 test from MultiNeighbourODEMemAgentTest (143 ms total)

[----------] Global test environment tear-down
[==========] 1 test from 1 test suite ran. (143 ms total)
[  PASSED  ] 0 tests.
[  FAILED  ] 1 test, listed below:
[  FAILED  ] MultiNeighbourODEMemAgentTest.cellODETest

 1 FAILED TEST
<end of output>
Test time =   0.15 sec
----------------------------------------------------------
Test Failed.
"MultiNeighbourODEMemAgentTest.cellODETest" end time: Aug 24 10:40 GMT Daylight Time
"MultiNeighbourODEMemAgentTest.cellODETest" time elapsed: 00:00:00
----------------------------------------------------------

9/13 Testing: BasicFilODEMemAgentTest.basicFilTest
9/13 Test: BasicFilODEMemAgentTest.basicFilTest
Command: "C:/Users/Tom/MPSProjects/MSM_DSL/cmake-build-debug/autoSpringAgent.exe" "--gtest_filter=BasicFilODEMemAgentTest.basicFilTest" "--gtest_also_run_disabled_tests"
Directory: C:/Users/Tom/MPSProjects/MSM_DSL/cmake-build-debug
"BasicFilODEMemAgentTest.basicFilTest" start time: Aug 24 10:40 GMT Daylight Time
Output:
----------------------------------------------------------
Running main() from C:\Users\Tom\MPSProjects\MSM_DSL\cmake-build-debug\_deps\googletest-src\googletest\src\gtest_main.cc
Note: Google Test filter = BasicFilODEMemAgentTest.basicFilTest
[==========] Running 1 test from 1 test suite.
[----------] Global test environment set-up.
[----------] 1 test from BasicFilODEMemAgentTest
[ RUN      ] BasicFilODEMemAgentTest.basicFilTest
xMax: 50
yMax: 50
zMax: 50
Grid size - X: 50
Y: 50
Z: 50
Placing environment agents...
Environment created.
Setting up ODE systems...
World created!
Creation timestep... initialising everything
memInit0
Allocating cell proteins to memagents.
VEGF total 0	0gridded membrane0
VEGF total 0	0gridded membrane0

The syntax of the command is incorrect.
Creation complete
Creation timestep complete.
mem1_B,mem2_B,mem1_C,mem2_C,time
-1,-1,-1,-1,0
-26,-26,-28,-28,1
C:\Users\Tom\MPSProjects\MSM_DSL\tests\automated\test_ODE.cpp:119: Failure
Expected equality of these values:
  round(memAgent1->get_memAgent_protein_level("B"))
    Which is: -26
  26
C:\Users\Tom\MPSProjects\MSM_DSL\tests\automated\test_ODE.cpp:120: Failure
Expected equality of these values:
  round(memAgent1->get_memAgent_protein_level("C"))
    Which is: -28
  26
C:\Users\Tom\MPSProjects\MSM_DSL\tests\automated\test_ODE.cpp:121: Failure
Expected equality of these values:
  round(memAgent2->get_memAgent_protein_level("B"))
    Which is: -26
  26
C:\Users\Tom\MPSProjects\MSM_DSL\tests\automated\test_ODE.cpp:122: Failure
Expected equality of these values:
  round(memAgent2->get_memAgent_protein_level("C"))
    Which is: -28
  26
[  FAILED  ] BasicFilODEMemAgentTest.basicFilTest (472 ms)
[----------] 1 test from BasicFilODEMemAgentTest (472 ms total)

[----------] Global test environment tear-down
[==========] 1 test from 1 test suite ran. (472 ms total)
[  PASSED  ] 0 tests.
[  FAILED  ] 1 test, listed below:
[  FAILED  ] BasicFilODEMemAgentTest.basicFilTest

 1 FAILED TEST
<end of output>
Test time =   0.48 sec
----------------------------------------------------------
Test Failed.
"BasicFilODEMemAgentTest.basicFilTest" end time: Aug 24 10:40 GMT Daylight Time
"BasicFilODEMemAgentTest.basicFilTest" time elapsed: 00:00:00
----------------------------------------------------------

10/13 Testing: BasicCellDistributionTest.preDistributionTest
10/13 Test: BasicCellDistributionTest.preDistributionTest
Command: "C:/Users/Tom/MPSProjects/MSM_DSL/cmake-build-debug/autoSpringAgent.exe" "--gtest_filter=BasicCellDistributionTest.preDistributionTest" "--gtest_also_run_disabled_tests"
Directory: C:/Users/Tom/MPSProjects/MSM_DSL/cmake-build-debug
"BasicCellDistributionTest.preDistributionTest" start time: Aug 24 10:40 GMT Daylight Time
Output:
----------------------------------------------------------
Running main() from C:\Users\Tom\MPSProjects\MSM_DSL\cmake-build-debug\_deps\googletest-src\googletest\src\gtest_main.cc
Note: Google Test filter = BasicCellDistributionTest.preDistributionTest
[==========] Running 1 test from 1 test suite.
[----------] Global test environment set-up.
[----------] 1 test from BasicCellDistributionTest
[ RUN      ] BasicCellDistributionTest.preDistributionTest
xMax: 50
yMax: 50
zMax: 50
Grid size - X: 50
Y: 50
Z: 50
Placing environment agents...
Environment created.
Setting up ODE systems...
World created!
Creation timestep... initialising everything
memInit0
Allocating cell proteins to memagents.
VEGF total 0	0gridded membrane0
VEGF total 0	0gridded membrane0

The syntax of the command is incorrect.
Creation complete
Creation timestep complete.
Assertion failed: max_transcription_delay > 0, file C:\Users\Tom\MPSProjects\MSM_DSL\src\protein.cpp, line 10
<end of output>
Test time =   0.15 sec
----------------------------------------------------------
Test Failed.
"BasicCellDistributionTest.preDistributionTest" end time: Aug 24 10:40 GMT Daylight Time
"BasicCellDistributionTest.preDistributionTest" time elapsed: 00:00:00
----------------------------------------------------------

11/13 Testing: BasicCellDistributionTest.postDistributionTest
11/13 Test: BasicCellDistributionTest.postDistributionTest
Command: "C:/Users/Tom/MPSProjects/MSM_DSL/cmake-build-debug/autoSpringAgent.exe" "--gtest_filter=BasicCellDistributionTest.postDistributionTest" "--gtest_also_run_disabled_tests"
Directory: C:/Users/Tom/MPSProjects/MSM_DSL/cmake-build-debug
"BasicCellDistributionTest.postDistributionTest" start time: Aug 24 10:40 GMT Daylight Time
Output:
----------------------------------------------------------
Running main() from C:\Users\Tom\MPSProjects\MSM_DSL\cmake-build-debug\_deps\googletest-src\googletest\src\gtest_main.cc
Note: Google Test filter = BasicCellDistributionTest.postDistributionTest
[==========] Running 1 test from 1 test suite.
[----------] Global test environment set-up.
[----------] 1 test from BasicCellDistributionTest
[ RUN      ] BasicCellDistributionTest.postDistributionTest
xMax: 50
yMax: 50
zMax: 50
Grid size - X: 50
Y: 50
Z: 50
Placing environment agents...
Environment created.
Setting up ODE systems...
World created!
Creation timestep... initialising everything
memInit0
Allocating cell proteins to memagents.
VEGF total 0	0gridded membrane0
VEGF total 0	0gridded membrane0

The syntax of the command is incorrect.
Creation complete
Creation timestep complete.
Assertion failed: max_transcription_delay > 0, file C:\Users\Tom\MPSProjects\MSM_DSL\src\protein.cpp, line 10
<end of output>
Test time =   0.15 sec
----------------------------------------------------------
Test Failed.
"BasicCellDistributionTest.postDistributionTest" end time: Aug 24 10:40 GMT Daylight Time
"BasicCellDistributionTest.postDistributionTest" time elapsed: 00:00:00
----------------------------------------------------------

12/13 Testing: CellJunctionTest.crossJunctionODETest
12/13 Test: CellJunctionTest.crossJunctionODETest
Command: "C:/Users/Tom/MPSProjects/MSM_DSL/cmake-build-debug/autoSpringAgent.exe" "--gtest_filter=CellJunctionTest.crossJunctionODETest" "--gtest_also_run_disabled_tests"
Directory: C:/Users/Tom/MPSProjects/MSM_DSL/cmake-build-debug
"CellJunctionTest.crossJunctionODETest" start time: Aug 24 10:40 GMT Daylight Time
Output:
----------------------------------------------------------
Running main() from C:\Users\Tom\MPSProjects\MSM_DSL\cmake-build-debug\_deps\googletest-src\googletest\src\gtest_main.cc
Note: Google Test filter = CellJunctionTest.crossJunctionODETest
[==========] Running 1 test from 1 test suite.
[----------] Global test environment set-up.
[----------] 1 test from CellJunctionTest
[ RUN      ] CellJunctionTest.crossJunctionODETest
xMax: 50
yMax: 50
zMax: 50
Grid size - X: 50
Y: 50
Z: 50
Placing environment agents...
Environment created.
Setting up ODE systems...
World created!
Creation timestep... initialising everything
memInit0
Allocating cell proteins to memagents.
VEGF total 0	0gridded membrane0
VEGF total 0	0gridded membrane0

The syntax of the command is incorrect.
Creation complete
Creation timestep complete.
Tissue created successfully.
 Tissue: Monolayer created successfully! 
Assertion failed: max_transcription_delay > 0, file C:\Users\Tom\MPSProjects\MSM_DSL\src\protein.cpp, line 10
<end of output>
Test time =   0.15 sec
----------------------------------------------------------
Test Failed.
"CellJunctionTest.crossJunctionODETest" end time: Aug 24 10:40 GMT Daylight Time
"CellJunctionTest.crossJunctionODETest" time elapsed: 00:00:00
----------------------------------------------------------

13/13 Testing: HelloTest.CheckGoogleTest
13/13 Test: HelloTest.CheckGoogleTest
Command: "C:/Users/Tom/MPSProjects/MSM_DSL/cmake-build-debug/autoSpringAgent.exe" "--gtest_filter=HelloTest.CheckGoogleTest" "--gtest_also_run_disabled_tests"
Directory: C:/Users/Tom/MPSProjects/MSM_DSL/cmake-build-debug
"HelloTest.CheckGoogleTest" start time: Aug 24 10:40 GMT Daylight Time
Output:
----------------------------------------------------------
Running main() from C:\Users\Tom\MPSProjects\MSM_DSL\cmake-build-debug\_deps\googletest-src\googletest\src\gtest_main.cc
Note: Google Test filter = HelloTest.CheckGoogleTest
[==========] Running 1 test from 1 test suite.
[----------] Global test environment set-up.
[----------] 1 test from HelloTest
[ RUN      ] HelloTest.CheckGoogleTest
Testing basic assertions.[       OK ] HelloTest.CheckGoogleTest (0 ms)
[----------] 1 test from HelloTest (0 ms total)

[----------] Global test environment tear-down
[==========] 1 test from 1 test suite ran. (0 ms total)
[  PASSED  ] 1 test.
<end of output>
Test time =   0.01 sec
----------------------------------------------------------
Test Passed.
"HelloTest.CheckGoogleTest" end time: Aug 24 10:40 GMT Daylight Time
"HelloTest.CheckGoogleTest" time elapsed: 00:00:00
----------------------------------------------------------

End testing: Aug 24 10:40 GMT Daylight Time
