Start testing: Sep 30 15:32 GMT Daylight Time
----------------------------------------------------------
1/17 Testing: test_ProtrusionType.ProtrusionTypeConstructor
1/17 Test: test_ProtrusionType.ProtrusionTypeConstructor
Command: "C:/Users/Tom/MPSProjects/MSM_DSL/cmake-build-debug/autoSpringAgent.exe" "--gtest_filter=test_ProtrusionType.ProtrusionTypeConstructor" "--gtest_also_run_disabled_tests"
Directory: C:/Users/Tom/MPSProjects/MSM_DSL/cmake-build-debug
"test_ProtrusionType.ProtrusionTypeConstructor" start time: Sep 30 15:32 GMT Daylight Time
Output:
----------------------------------------------------------
Running main() from C:\Users\Tom\MPSProjects\MSM_DSL\cmake-build-debug\_deps\googletest-src\googletest\src\gtest_main.cc
Note: Google Test filter = test_ProtrusionType.ProtrusionTypeConstructor
[==========] Running 1 test from 1 test suite.
[----------] Global test environment set-up.
[----------] 1 test from test_ProtrusionType
[ RUN      ] test_ProtrusionType.ProtrusionTypeConstructor
[       OK ] test_ProtrusionType.ProtrusionTypeConstructor (0 ms)
[----------] 1 test from test_ProtrusionType (0 ms total)

[----------] Global test environment tear-down
[==========] 1 test from 1 test suite ran. (0 ms total)
[  PASSED  ] 1 test.
<end of output>
Test time =   0.01 sec
----------------------------------------------------------
Test Passed.
"test_ProtrusionType.ProtrusionTypeConstructor" end time: Sep 30 15:32 GMT Daylight Time
"test_ProtrusionType.ProtrusionTypeConstructor" time elapsed: 00:00:00
----------------------------------------------------------

2/17 Testing: test_Protrusion.ProtrusionConstructor
2/17 Test: test_Protrusion.ProtrusionConstructor
Command: "C:/Users/Tom/MPSProjects/MSM_DSL/cmake-build-debug/autoSpringAgent.exe" "--gtest_filter=test_Protrusion.ProtrusionConstructor" "--gtest_also_run_disabled_tests"
Directory: C:/Users/Tom/MPSProjects/MSM_DSL/cmake-build-debug
"test_Protrusion.ProtrusionConstructor" start time: Sep 30 15:32 GMT Daylight Time
Output:
----------------------------------------------------------
Running main() from C:\Users\Tom\MPSProjects\MSM_DSL\cmake-build-debug\_deps\googletest-src\googletest\src\gtest_main.cc
Note: Google Test filter = test_Protrusion.ProtrusionConstructor
[==========] Running 1 test from 1 test suite.
[----------] Global test environment set-up.
[----------] 1 test from test_Protrusion
[ RUN      ] test_Protrusion.ProtrusionConstructor
xMax: 5
yMax: 5
zMax: 5
Grid size - X: 5
Y: 5
Z: 5
Placing environment agents...
Environment created.
Setting up ODE systems...
World created!
Creation timestep... initialising everything
memInit0
Allocating cell proteins to memagents.
VEGF total 0	0gridded membrane0
VEGF total 0	0gridded membrane0

The syntax of the command is incorrect.
Creation complete
Creation timestep complete.
[       OK ] test_Protrusion.ProtrusionConstructor (96 ms)
[----------] 1 test from test_Protrusion (96 ms total)

[----------] Global test environment tear-down
[==========] 1 test from 1 test suite ran. (96 ms total)
[  PASSED  ] 1 test.
<end of output>
Test time =   0.10 sec
----------------------------------------------------------
Test Passed.
"test_Protrusion.ProtrusionConstructor" end time: Sep 30 15:32 GMT Daylight Time
"test_Protrusion.ProtrusionConstructor" time elapsed: 00:00:00
----------------------------------------------------------

3/17 Testing: FindHighestConcTest.FindHighestConcTest
3/17 Test: FindHighestConcTest.FindHighestConcTest
Command: "C:/Users/Tom/MPSProjects/MSM_DSL/cmake-build-debug/autoSpringAgent.exe" "--gtest_filter=FindHighestConcTest.FindHighestConcTest" "--gtest_also_run_disabled_tests"
Directory: C:/Users/Tom/MPSProjects/MSM_DSL/cmake-build-debug
"FindHighestConcTest.FindHighestConcTest" start time: Sep 30 15:32 GMT Daylight Time
Output:
----------------------------------------------------------
Running main() from C:\Users\Tom\MPSProjects\MSM_DSL\cmake-build-debug\_deps\googletest-src\googletest\src\gtest_main.cc
Note: Google Test filter = FindHighestConcTest.FindHighestConcTest
[==========] Running 1 test from 1 test suite.
[----------] Global test environment set-up.
[----------] 1 test from FindHighestConcTest
[ RUN      ] FindHighestConcTest.FindHighestConcTest
xMax: 50
yMax: 50
zMax: 50
Grid size - X: 50
Y: 50
Z: 50
Placing environment agents...
Environment created.
Setting up ODE systems...
World created!
Creation timestep... initialising everything
memInit0
Allocating cell proteins to memagents.
VEGF total 0	0gridded membrane0
VEGF total 0	0gridded membrane0

The syntax of the command is incorrect.
Creation complete
Creation timestep complete.
[       OK ] FindHighestConcTest.FindHighestConcTest (236 ms)
[----------] 1 test from FindHighestConcTest (236 ms total)

[----------] Global test environment tear-down
[==========] 1 test from 1 test suite ran. (236 ms total)
[  PASSED  ] 1 test.
<end of output>
Test time =   0.25 sec
----------------------------------------------------------
Test Passed.
"FindHighestConcTest.FindHighestConcTest" end time: Sep 30 15:32 GMT Daylight Time
"FindHighestConcTest.FindHighestConcTest" time elapsed: 00:00:00
----------------------------------------------------------

End testing: Sep 30 15:32 GMT Daylight Time
