Start testing: Sep 09 13:29 GMT Daylight Time
----------------------------------------------------------
1/15 Testing: HelloTest.CheckGoogleTest
1/15 Test: HelloTest.CheckGoogleTest
Command: "C:/Users/Tom/MPSProjects/MSM_DSL/cmake-build-debug/autoSpringAgent.exe" "--gtest_filter=HelloTest.CheckGoogleTest"
Directory: C:/Users/Tom/MPSProjects/MSM_DSL/cmake-build-debug
"HelloTest.CheckGoogleTest" start time: Sep 09 13:29 GMT Daylight Time
Output:
----------------------------------------------------------
Current time: Thu Sep 09 13:29:43 2021
ECPACK: 15
GRAPHICS: 0
bahti analysis: 0 @@ time to pattern analysis: 0 @@  hysteresis analysis: 0
ECELLS: 10
Epsilon: 0.9
VconcST: 0.04
gradient: 2
FIL_VARY (filconstnorm): 2
FILTIPMAX: 15
tokenStrength: 1
FIL_SPACING: 2
randFilExtension: -1
RAND_FILRETRACT_CHANCE: -1
analysis must either be ANALYSIS_HYSTERESIS or ANALYSIS_TIME_TO_PATTERN.. aborting runoutput file name: testforpybind
Creating world...
xMax: 50
yMax: 50
zMax: 50
Grid size - X: 50
Y: 50
Z: 50
Placing environment agents...
Environment created.
Setting up ODE systems...
World created!
Creation timestep... initialising everything
memInit0
Allocating cell proteins to memagents.
VEGF total 0	0gridded membrane0
VEGF total 0	0gridded membrane0

The syntax of the command is incorrect.
Creation complete
Creation timestep complete.
World created.
end of run simulation
End time: Thu Sep 09 13:29:43 2021

<end of output>
Test time =   0.11 sec
----------------------------------------------------------
Test Passed.
"HelloTest.CheckGoogleTest" end time: Sep 09 13:29 GMT Daylight Time
"HelloTest.CheckGoogleTest" time elapsed: 00:00:00
----------------------------------------------------------

2/15 Testing: test_ODE.ODEConstantRate
2/15 Test: test_ODE.ODEConstantRate
Command: "C:/Users/Tom/MPSProjects/MSM_DSL/cmake-build-debug/autoSpringAgent.exe" "--gtest_filter=test_ODE.ODEConstantRate"
Directory: C:/Users/Tom/MPSProjects/MSM_DSL/cmake-build-debug
"test_ODE.ODEConstantRate" start time: Sep 09 13:29 GMT Daylight Time
Output:
----------------------------------------------------------
Current time: Thu Sep 09 13:29:43 2021
ECPACK: 15
GRAPHICS: 0
bahti analysis: 0 @@ time to pattern analysis: 0 @@  hysteresis analysis: 0
ECELLS: 10
Epsilon: 0.9
VconcST: 0.04
gradient: 2
FIL_VARY (filconstnorm): 2
FILTIPMAX: 15
tokenStrength: 1
FIL_SPACING: 2
randFilExtension: -1
RAND_FILRETRACT_CHANCE: -1
analysis must either be ANALYSIS_HYSTERESIS or ANALYSIS_TIME_TO_PATTERN.. aborting runoutput file name: testforpybind
Creating world...
xMax: 50
yMax: 50
zMax: 50
Grid size - X: 50
Y: 50
Z: 50
Placing environment agents...
Environment created.
Setting up ODE systems...
World created!
Creation timestep... initialising everything
memInit0
Allocating cell proteins to memagents.
VEGF total 0	0gridded membrane0
VEGF total 0	0gridded membrane0

The syntax of the command is incorrect.
Creation complete
Creation timestep complete.
World created.
end of run simulation
End time: Thu Sep 09 13:29:43 2021

<end of output>
Test time =   0.08 sec
----------------------------------------------------------
Test Passed.
"test_ODE.ODEConstantRate" end time: Sep 09 13:29 GMT Daylight Time
"test_ODE.ODEConstantRate" time elapsed: 00:00:00
----------------------------------------------------------

3/15 Testing: test_ODE.multi_ODEConstantRate
3/15 Test: test_ODE.multi_ODEConstantRate
Command: "C:/Users/Tom/MPSProjects/MSM_DSL/cmake-build-debug/autoSpringAgent.exe" "--gtest_filter=test_ODE.multi_ODEConstantRate"
Directory: C:/Users/Tom/MPSProjects/MSM_DSL/cmake-build-debug
"test_ODE.multi_ODEConstantRate" start time: Sep 09 13:29 GMT Daylight Time
Output:
----------------------------------------------------------
Current time: Thu Sep 09 13:29:43 2021
ECPACK: 15
GRAPHICS: 0
bahti analysis: 0 @@ time to pattern analysis: 0 @@  hysteresis analysis: 0
ECELLS: 10
Epsilon: 0.9
VconcST: 0.04
gradient: 2
FIL_VARY (filconstnorm): 2
FILTIPMAX: 15
tokenStrength: 1
FIL_SPACING: 2
randFilExtension: -1
RAND_FILRETRACT_CHANCE: -1
analysis must either be ANALYSIS_HYSTERESIS or ANALYSIS_TIME_TO_PATTERN.. aborting runoutput file name: testforpybind
Creating world...
xMax: 50
yMax: 50
zMax: 50
Grid size - X: 50
Y: 50
Z: 50
Placing environment agents...
Environment created.
Setting up ODE systems...
World created!
Creation timestep... initialising everything
memInit0
Allocating cell proteins to memagents.
VEGF total 0	0gridded membrane0
VEGF total 0	0gridded membrane0

The syntax of the command is incorrect.
Creation complete
Creation timestep complete.
World created.
end of run simulation
End time: Thu Sep 09 13:29:43 2021

<end of output>
Test time =   0.10 sec
----------------------------------------------------------
Test Passed.
"test_ODE.multi_ODEConstantRate" end time: Sep 09 13:29 GMT Daylight Time
"test_ODE.multi_ODEConstantRate" time elapsed: 00:00:00
----------------------------------------------------------

4/15 Testing: test_ODE.ODELinearRate
4/15 Test: test_ODE.ODELinearRate
Command: "C:/Users/Tom/MPSProjects/MSM_DSL/cmake-build-debug/autoSpringAgent.exe" "--gtest_filter=test_ODE.ODELinearRate"
Directory: C:/Users/Tom/MPSProjects/MSM_DSL/cmake-build-debug
"test_ODE.ODELinearRate" start time: Sep 09 13:29 GMT Daylight Time
Output:
----------------------------------------------------------
Current time: Thu Sep 09 13:29:43 2021
ECPACK: 15
GRAPHICS: 0
bahti analysis: 0 @@ time to pattern analysis: 0 @@  hysteresis analysis: 0
ECELLS: 10
Epsilon: 0.9
VconcST: 0.04
gradient: 2
FIL_VARY (filconstnorm): 2
FILTIPMAX: 15
tokenStrength: 1
FIL_SPACING: 2
randFilExtension: -1
RAND_FILRETRACT_CHANCE: -1
analysis must either be ANALYSIS_HYSTERESIS or ANALYSIS_TIME_TO_PATTERN.. aborting runoutput file name: testforpybind
Creating world...
xMax: 50
yMax: 50
zMax: 50
Grid size - X: 50
Y: 50
Z: 50
Placing environment agents...
Environment created.
Setting up ODE systems...
World created!
Creation timestep... initialising everything
memInit0
Allocating cell proteins to memagents.
VEGF total 0	0gridded membrane0
VEGF total 0	0gridded membrane0

The syntax of the command is incorrect.
Creation complete
Creation timestep complete.
World created.
end of run simulation
End time: Thu Sep 09 13:29:43 2021

<end of output>
Test time =   0.08 sec
----------------------------------------------------------
Test Passed.
"test_ODE.ODELinearRate" end time: Sep 09 13:29 GMT Daylight Time
"test_ODE.ODELinearRate" time elapsed: 00:00:00
----------------------------------------------------------

5/15 Testing: BasicODEMemAgentTest.environmentCheckTest
5/15 Test: BasicODEMemAgentTest.environmentCheckTest
Command: "C:/Users/Tom/MPSProjects/MSM_DSL/cmake-build-debug/autoSpringAgent.exe" "--gtest_filter=BasicODEMemAgentTest.environmentCheckTest"
Directory: C:/Users/Tom/MPSProjects/MSM_DSL/cmake-build-debug
"BasicODEMemAgentTest.environmentCheckTest" start time: Sep 09 13:29 GMT Daylight Time
Output:
----------------------------------------------------------
Current time: Thu Sep 09 13:29:43 2021
ECPACK: 15
GRAPHICS: 0
bahti analysis: 0 @@ time to pattern analysis: 0 @@  hysteresis analysis: 0
ECELLS: 10
Epsilon: 0.9
VconcST: 0.04
gradient: 2
FIL_VARY (filconstnorm): 2
FILTIPMAX: 15
tokenStrength: 1
FIL_SPACING: 2
randFilExtension: -1
RAND_FILRETRACT_CHANCE: -1
analysis must either be ANALYSIS_HYSTERESIS or ANALYSIS_TIME_TO_PATTERN.. aborting runoutput file name: testforpybind
Creating world...
xMax: 50
yMax: 50
zMax: 50
Grid size - X: 50
Y: 50
Z: 50
Placing environment agents...
Environment created.
Setting up ODE systems...
World created!
Creation timestep... initialising everything
memInit0
Allocating cell proteins to memagents.
VEGF total 0	0gridded membrane0
VEGF total 0	0gridded membrane0

The syntax of the command is incorrect.
Creation complete
Creation timestep complete.
World created.
end of run simulation
End time: Thu Sep 09 13:29:43 2021

<end of output>
Test time =   0.09 sec
----------------------------------------------------------
Test Passed.
"BasicODEMemAgentTest.environmentCheckTest" end time: Sep 09 13:29 GMT Daylight Time
"BasicODEMemAgentTest.environmentCheckTest" time elapsed: 00:00:00
----------------------------------------------------------

6/15 Testing: BasicODEMemAgentTest.memAgentTest
6/15 Test: BasicODEMemAgentTest.memAgentTest
Command: "C:/Users/Tom/MPSProjects/MSM_DSL/cmake-build-debug/autoSpringAgent.exe" "--gtest_filter=BasicODEMemAgentTest.memAgentTest"
Directory: C:/Users/Tom/MPSProjects/MSM_DSL/cmake-build-debug
"BasicODEMemAgentTest.memAgentTest" start time: Sep 09 13:29 GMT Daylight Time
Output:
----------------------------------------------------------
Current time: Thu Sep 09 13:29:43 2021
ECPACK: 15
GRAPHICS: 0
bahti analysis: 0 @@ time to pattern analysis: 0 @@  hysteresis analysis: 0
ECELLS: 10
Epsilon: 0.9
VconcST: 0.04
gradient: 2
FIL_VARY (filconstnorm): 2
FILTIPMAX: 15
tokenStrength: 1
FIL_SPACING: 2
randFilExtension: -1
RAND_FILRETRACT_CHANCE: -1
analysis must either be ANALYSIS_HYSTERESIS or ANALYSIS_TIME_TO_PATTERN.. aborting runoutput file name: testforpybind
Creating world...
xMax: 50
yMax: 50
zMax: 50
Grid size - X: 50
Y: 50
Z: 50
Placing environment agents...
Environment created.
Setting up ODE systems...
World created!
Creation timestep... initialising everything
memInit0
Allocating cell proteins to memagents.
VEGF total 0	0gridded membrane0
VEGF total 0	0gridded membrane0

The syntax of the command is incorrect.
Creation complete
Creation timestep complete.
World created.
end of run simulation
End time: Thu Sep 09 13:29:43 2021

<end of output>
Test time =   0.08 sec
----------------------------------------------------------
Test Passed.
"BasicODEMemAgentTest.memAgentTest" end time: Sep 09 13:29 GMT Daylight Time
"BasicODEMemAgentTest.memAgentTest" time elapsed: 00:00:00
----------------------------------------------------------

7/15 Testing: CrossCellODEMemAgentTest.cellODETest
7/15 Test: CrossCellODEMemAgentTest.cellODETest
Command: "C:/Users/Tom/MPSProjects/MSM_DSL/cmake-build-debug/autoSpringAgent.exe" "--gtest_filter=CrossCellODEMemAgentTest.cellODETest"
Directory: C:/Users/Tom/MPSProjects/MSM_DSL/cmake-build-debug
"CrossCellODEMemAgentTest.cellODETest" start time: Sep 09 13:29 GMT Daylight Time
Output:
----------------------------------------------------------
Current time: Thu Sep 09 13:29:43 2021
ECPACK: 15
GRAPHICS: 0
bahti analysis: 0 @@ time to pattern analysis: 0 @@  hysteresis analysis: 0
ECELLS: 10
Epsilon: 0.9
VconcST: 0.04
gradient: 2
FIL_VARY (filconstnorm): 2
FILTIPMAX: 15
tokenStrength: 1
FIL_SPACING: 2
randFilExtension: -1
RAND_FILRETRACT_CHANCE: -1
analysis must either be ANALYSIS_HYSTERESIS or ANALYSIS_TIME_TO_PATTERN.. aborting runoutput file name: testforpybind
Creating world...
xMax: 50
yMax: 50
zMax: 50
Grid size - X: 50
Y: 50
Z: 50
Placing environment agents...
Environment created.
Setting up ODE systems...
World created!
Creation timestep... initialising everything
memInit0
Allocating cell proteins to memagents.
VEGF total 0	0gridded membrane0
VEGF total 0	0gridded membrane0

The syntax of the command is incorrect.
Creation complete
Creation timestep complete.
World created.
end of run simulation
End time: Thu Sep 09 13:29:43 2021

<end of output>
Test time =   0.08 sec
----------------------------------------------------------
Test Passed.
"CrossCellODEMemAgentTest.cellODETest" end time: Sep 09 13:29 GMT Daylight Time
"CrossCellODEMemAgentTest.cellODETest" time elapsed: 00:00:00
----------------------------------------------------------

8/15 Testing: CrossCellODEMemAgentTest.junctionODETest
8/15 Test: CrossCellODEMemAgentTest.junctionODETest
Command: "C:/Users/Tom/MPSProjects/MSM_DSL/cmake-build-debug/autoSpringAgent.exe" "--gtest_filter=CrossCellODEMemAgentTest.junctionODETest"
Directory: C:/Users/Tom/MPSProjects/MSM_DSL/cmake-build-debug
"CrossCellODEMemAgentTest.junctionODETest" start time: Sep 09 13:29 GMT Daylight Time
Output:
----------------------------------------------------------
Current time: Thu Sep 09 13:29:43 2021
ECPACK: 15
GRAPHICS: 0
bahti analysis: 0 @@ time to pattern analysis: 0 @@  hysteresis analysis: 0
ECELLS: 10
Epsilon: 0.9
VconcST: 0.04
gradient: 2
FIL_VARY (filconstnorm): 2
FILTIPMAX: 15
tokenStrength: 1
FIL_SPACING: 2
randFilExtension: -1
RAND_FILRETRACT_CHANCE: -1
analysis must either be ANALYSIS_HYSTERESIS or ANALYSIS_TIME_TO_PATTERN.. aborting runoutput file name: testforpybind
Creating world...
xMax: 50
yMax: 50
zMax: 50
Grid size - X: 50
Y: 50
Z: 50
Placing environment agents...
Environment created.
Setting up ODE systems...
World created!
Creation timestep... initialising everything
memInit0
Allocating cell proteins to memagents.
VEGF total 0	0gridded membrane0
VEGF total 0	0gridded membrane0

The syntax of the command is incorrect.
Creation complete
Creation timestep complete.
World created.
end of run simulation
End time: Thu Sep 09 13:29:43 2021

<end of output>
Test time =   0.09 sec
----------------------------------------------------------
Test Passed.
"CrossCellODEMemAgentTest.junctionODETest" end time: Sep 09 13:29 GMT Daylight Time
"CrossCellODEMemAgentTest.junctionODETest" time elapsed: 00:00:00
----------------------------------------------------------

9/15 Testing: MultiNeighbourODEMemAgentTest.cellODETest
9/15 Test: MultiNeighbourODEMemAgentTest.cellODETest
Command: "C:/Users/Tom/MPSProjects/MSM_DSL/cmake-build-debug/autoSpringAgent.exe" "--gtest_filter=MultiNeighbourODEMemAgentTest.cellODETest"
Directory: C:/Users/Tom/MPSProjects/MSM_DSL/cmake-build-debug
"MultiNeighbourODEMemAgentTest.cellODETest" start time: Sep 09 13:29 GMT Daylight Time
Output:
----------------------------------------------------------
Current time: Thu Sep 09 13:29:43 2021
ECPACK: 15
GRAPHICS: 0
bahti analysis: 0 @@ time to pattern analysis: 0 @@  hysteresis analysis: 0
ECELLS: 10
Epsilon: 0.9
VconcST: 0.04
gradient: 2
FIL_VARY (filconstnorm): 2
FILTIPMAX: 15
tokenStrength: 1
FIL_SPACING: 2
randFilExtension: -1
RAND_FILRETRACT_CHANCE: -1
analysis must either be ANALYSIS_HYSTERESIS or ANALYSIS_TIME_TO_PATTERN.. aborting runoutput file name: testforpybind
Creating world...
xMax: 50
yMax: 50
zMax: 50
Grid size - X: 50
Y: 50
Z: 50
Placing environment agents...
Environment created.
Setting up ODE systems...
World created!
Creation timestep... initialising everything
memInit0
Allocating cell proteins to memagents.
VEGF total 0	0gridded membrane0
VEGF total 0	0gridded membrane0

The syntax of the command is incorrect.
Creation complete
Creation timestep complete.
World created.
end of run simulation
End time: Thu Sep 09 13:29:44 2021

<end of output>
Test time =   0.08 sec
----------------------------------------------------------
Test Passed.
"MultiNeighbourODEMemAgentTest.cellODETest" end time: Sep 09 13:29 GMT Daylight Time
"MultiNeighbourODEMemAgentTest.cellODETest" time elapsed: 00:00:00
----------------------------------------------------------

10/15 Testing: BasicFilODEMemAgentTest.basicFilTest
10/15 Test: BasicFilODEMemAgentTest.basicFilTest
Command: "C:/Users/Tom/MPSProjects/MSM_DSL/cmake-build-debug/autoSpringAgent.exe" "--gtest_filter=BasicFilODEMemAgentTest.basicFilTest"
Directory: C:/Users/Tom/MPSProjects/MSM_DSL/cmake-build-debug
"BasicFilODEMemAgentTest.basicFilTest" start time: Sep 09 13:29 GMT Daylight Time
Output:
----------------------------------------------------------
Current time: Thu Sep 09 13:29:44 2021
ECPACK: 15
GRAPHICS: 0
bahti analysis: 0 @@ time to pattern analysis: 0 @@  hysteresis analysis: 0
ECELLS: 10
Epsilon: 0.9
VconcST: 0.04
gradient: 2
FIL_VARY (filconstnorm): 2
FILTIPMAX: 15
tokenStrength: 1
FIL_SPACING: 2
randFilExtension: -1
RAND_FILRETRACT_CHANCE: -1
analysis must either be ANALYSIS_HYSTERESIS or ANALYSIS_TIME_TO_PATTERN.. aborting runoutput file name: testforpybind
Creating world...
xMax: 50
yMax: 50
zMax: 50
Grid size - X: 50
Y: 50
Z: 50
Placing environment agents...
Environment created.
Setting up ODE systems...
World created!
Creation timestep... initialising everything
memInit0
Allocating cell proteins to memagents.
VEGF total 0	0gridded membrane0
VEGF total 0	0gridded membrane0

The syntax of the command is incorrect.
Creation complete
Creation timestep complete.
World created.
end of run simulation
End time: Thu Sep 09 13:29:44 2021

<end of output>
Test time =   0.08 sec
----------------------------------------------------------
Test Passed.
"BasicFilODEMemAgentTest.basicFilTest" end time: Sep 09 13:29 GMT Daylight Time
"BasicFilODEMemAgentTest.basicFilTest" time elapsed: 00:00:00
----------------------------------------------------------

11/15 Testing: BasicCellDistributionTest.preDistributionTest
11/15 Test: BasicCellDistributionTest.preDistributionTest
Command: "C:/Users/Tom/MPSProjects/MSM_DSL/cmake-build-debug/autoSpringAgent.exe" "--gtest_filter=BasicCellDistributionTest.preDistributionTest"
Directory: C:/Users/Tom/MPSProjects/MSM_DSL/cmake-build-debug
"BasicCellDistributionTest.preDistributionTest" start time: Sep 09 13:29 GMT Daylight Time
Output:
----------------------------------------------------------
Current time: Thu Sep 09 13:29:44 2021
ECPACK: 15
GRAPHICS: 0
bahti analysis: 0 @@ time to pattern analysis: 0 @@  hysteresis analysis: 0
ECELLS: 10
Epsilon: 0.9
VconcST: 0.04
gradient: 2
FIL_VARY (filconstnorm): 2
FILTIPMAX: 15
tokenStrength: 1
FIL_SPACING: 2
randFilExtension: -1
RAND_FILRETRACT_CHANCE: -1
analysis must either be ANALYSIS_HYSTERESIS or ANALYSIS_TIME_TO_PATTERN.. aborting runoutput file name: testforpybind
Creating world...
xMax: 50
yMax: 50
zMax: 50
Grid size - X: 50
Y: 50
Z: 50
Placing environment agents...
Environment created.
Setting up ODE systems...
World created!
Creation timestep... initialising everything
memInit0
Allocating cell proteins to memagents.
VEGF total 0	0gridded membrane0
VEGF total 0	0gridded membrane0

The syntax of the command is incorrect.
Creation complete
Creation timestep complete.
World created.
end of run simulation
End time: Thu Sep 09 13:29:44 2021

<end of output>
Test time =   0.08 sec
----------------------------------------------------------
Test Passed.
"BasicCellDistributionTest.preDistributionTest" end time: Sep 09 13:29 GMT Daylight Time
"BasicCellDistributionTest.preDistributionTest" time elapsed: 00:00:00
----------------------------------------------------------

12/15 Testing: BasicCellDistributionTest.postDistributionTest
12/15 Test: BasicCellDistributionTest.postDistributionTest
Command: "C:/Users/Tom/MPSProjects/MSM_DSL/cmake-build-debug/autoSpringAgent.exe" "--gtest_filter=BasicCellDistributionTest.postDistributionTest"
Directory: C:/Users/Tom/MPSProjects/MSM_DSL/cmake-build-debug
"BasicCellDistributionTest.postDistributionTest" start time: Sep 09 13:29 GMT Daylight Time
Output:
----------------------------------------------------------
Current time: Thu Sep 09 13:29:44 2021
ECPACK: 15
GRAPHICS: 0
bahti analysis: 0 @@ time to pattern analysis: 0 @@  hysteresis analysis: 0
ECELLS: 10
Epsilon: 0.9
VconcST: 0.04
gradient: 2
FIL_VARY (filconstnorm): 2
FILTIPMAX: 15
tokenStrength: 1
FIL_SPACING: 2
randFilExtension: -1
RAND_FILRETRACT_CHANCE: -1
analysis must either be ANALYSIS_HYSTERESIS or ANALYSIS_TIME_TO_PATTERN.. aborting runoutput file name: testforpybind
Creating world...
xMax: 50
yMax: 50
zMax: 50
Grid size - X: 50
Y: 50
Z: 50
Placing environment agents...
Environment created.
Setting up ODE systems...
World created!
Creation timestep... initialising everything
memInit0
Allocating cell proteins to memagents.
VEGF total 0	0gridded membrane0
VEGF total 0	0gridded membrane0

The syntax of the command is incorrect.
Creation complete
Creation timestep complete.
World created.
end of run simulation
End time: Thu Sep 09 13:29:44 2021

<end of output>
Test time =   0.09 sec
----------------------------------------------------------
Test Passed.
"BasicCellDistributionTest.postDistributionTest" end time: Sep 09 13:29 GMT Daylight Time
"BasicCellDistributionTest.postDistributionTest" time elapsed: 00:00:00
----------------------------------------------------------

13/15 Testing: CellJunctionTest.crossJunctionODETest
13/15 Test: CellJunctionTest.crossJunctionODETest
Command: "C:/Users/Tom/MPSProjects/MSM_DSL/cmake-build-debug/autoSpringAgent.exe" "--gtest_filter=CellJunctionTest.crossJunctionODETest"
Directory: C:/Users/Tom/MPSProjects/MSM_DSL/cmake-build-debug
"CellJunctionTest.crossJunctionODETest" start time: Sep 09 13:29 GMT Daylight Time
Output:
----------------------------------------------------------
Current time: Thu Sep 09 13:29:44 2021
ECPACK: 15
GRAPHICS: 0
bahti analysis: 0 @@ time to pattern analysis: 0 @@  hysteresis analysis: 0
ECELLS: 10
Epsilon: 0.9
VconcST: 0.04
gradient: 2
FIL_VARY (filconstnorm): 2
FILTIPMAX: 15
tokenStrength: 1
FIL_SPACING: 2
randFilExtension: -1
RAND_FILRETRACT_CHANCE: -1
analysis must either be ANALYSIS_HYSTERESIS or ANALYSIS_TIME_TO_PATTERN.. aborting runoutput file name: testforpybind
Creating world...
xMax: 50
yMax: 50
zMax: 50
Grid size - X: 50
Y: 50
Z: 50
Placing environment agents...
Environment created.
Setting up ODE systems...
World created!
Creation timestep... initialising everything
memInit0
Allocating cell proteins to memagents.
VEGF total 0	0gridded membrane0
VEGF total 0	0gridded membrane0

The syntax of the command is incorrect.
Creation complete
Creation timestep complete.
World created.
end of run simulation
End time: Thu Sep 09 13:29:44 2021

<end of output>
Test time =   0.08 sec
----------------------------------------------------------
Test Passed.
"CellJunctionTest.crossJunctionODETest" end time: Sep 09 13:29 GMT Daylight Time
"CellJunctionTest.crossJunctionODETest" time elapsed: 00:00:00
----------------------------------------------------------

14/15 Testing: TranscriptionDelayTest.transcriptionDelayTest
14/15 Test: TranscriptionDelayTest.transcriptionDelayTest
Command: "C:/Users/Tom/MPSProjects/MSM_DSL/cmake-build-debug/autoSpringAgent.exe" "--gtest_filter=TranscriptionDelayTest.transcriptionDelayTest"
Directory: C:/Users/Tom/MPSProjects/MSM_DSL/cmake-build-debug
"TranscriptionDelayTest.transcriptionDelayTest" start time: Sep 09 13:29 GMT Daylight Time
Output:
----------------------------------------------------------
Current time: Thu Sep 09 13:29:44 2021
ECPACK: 15
GRAPHICS: 0
bahti analysis: 0 @@ time to pattern analysis: 0 @@  hysteresis analysis: 0
ECELLS: 10
Epsilon: 0.9
VconcST: 0.04
gradient: 2
FIL_VARY (filconstnorm): 2
FILTIPMAX: 15
tokenStrength: 1
FIL_SPACING: 2
randFilExtension: -1
RAND_FILRETRACT_CHANCE: -1
analysis must either be ANALYSIS_HYSTERESIS or ANALYSIS_TIME_TO_PATTERN.. aborting runoutput file name: testforpybind
Creating world...
xMax: 50
yMax: 50
zMax: 50
Grid size - X: 50
Y: 50
Z: 50
Placing environment agents...
Environment created.
Setting up ODE systems...
World created!
Creation timestep... initialising everything
memInit0
Allocating cell proteins to memagents.
VEGF total 0	0gridded membrane0
VEGF total 0	0gridded membrane0

The syntax of the command is incorrect.
Creation complete
Creation timestep complete.
World created.
end of run simulation
End time: Thu Sep 09 13:29:44 2021

<end of output>
Test time =   0.08 sec
----------------------------------------------------------
Test Passed.
"TranscriptionDelayTest.transcriptionDelayTest" end time: Sep 09 13:29 GMT Daylight Time
"TranscriptionDelayTest.transcriptionDelayTest" time elapsed: 00:00:00
----------------------------------------------------------

15/15 Testing: NotchPathwayTest.NotchPathwayTest
15/15 Test: NotchPathwayTest.NotchPathwayTest
Command: "C:/Users/Tom/MPSProjects/MSM_DSL/cmake-build-debug/autoSpringAgent.exe" "--gtest_filter=NotchPathwayTest.NotchPathwayTest"
Directory: C:/Users/Tom/MPSProjects/MSM_DSL/cmake-build-debug
"NotchPathwayTest.NotchPathwayTest" start time: Sep 09 13:29 GMT Daylight Time
Output:
----------------------------------------------------------
Current time: Thu Sep 09 13:29:44 2021
ECPACK: 15
GRAPHICS: 0
bahti analysis: 0 @@ time to pattern analysis: 0 @@  hysteresis analysis: 0
ECELLS: 10
Epsilon: 0.9
VconcST: 0.04
gradient: 2
FIL_VARY (filconstnorm): 2
FILTIPMAX: 15
tokenStrength: 1
FIL_SPACING: 2
randFilExtension: -1
RAND_FILRETRACT_CHANCE: -1
analysis must either be ANALYSIS_HYSTERESIS or ANALYSIS_TIME_TO_PATTERN.. aborting runoutput file name: testforpybind
Creating world...
xMax: 50
yMax: 50
zMax: 50
Grid size - X: 50
Y: 50
Z: 50
Placing environment agents...
Environment created.
Setting up ODE systems...
World created!
Creation timestep... initialising everything
memInit0
Allocating cell proteins to memagents.
VEGF total 0	0gridded membrane0
VEGF total 0	0gridded membrane0

The syntax of the command is incorrect.
Creation complete
Creation timestep complete.
World created.
end of run simulation
End time: Thu Sep 09 13:29:44 2021

<end of output>
Test time =   0.08 sec
----------------------------------------------------------
Test Passed.
"NotchPathwayTest.NotchPathwayTest" end time: Sep 09 13:29 GMT Daylight Time
"NotchPathwayTest.NotchPathwayTest" time elapsed: 00:00:00
----------------------------------------------------------

End testing: Sep 09 13:29 GMT Daylight Time
